<?xml version="1.0" encoding="UTF-8"?>
<!-- Generated by org.testng.reporters.JUnitXMLReporter -->
<testsuite ignored="0" hostname="LAPTOP-53CVDCND" failures="1" tests="9" name="HDFCbank  Tests" time="123.518" errors="0" timestamp="2022-11-15T11:11:21 IST">
  <testcase classname="qa.HDFCBank.TestCases.TC_Login_01" name="loginTest" time="3.583"/>
  <testcase classname="qa.HDFCBank.TestCases.TC_Login_01" name="loginTest" time="3.48"/>
  <testcase classname="qa.HDFCBank.TestCases.TC_Login_01" name="loginTest" time="4.051"/>
  <testcase classname="qa.HDFCBank.TestCases.TC_Login_01" name="resetTest" time="0.438">
    <failure type="java.lang.AssertionError" message="expected [true] but found [false]">
      <![CDATA[java.lang.AssertionError: expected [true] but found [false]
at qa.HDFCBank.TestCases.TC_Login_01.resetTest(TC_Login_01.java:42)
at java.base/java.util.ArrayList.forEach(ArrayList.java:1511)
... Removed 29 stack frames]]>
    </failure>
  </testcase> <!-- resetTest -->
  <testcase classname="qa.HDFCBank.TestCases.TC_LoginDDT_02" name="loginDDTTest" time="1.115"/>
  <testcase classname="qa.HDFCBank.TestCases.TC_LoginDDT_02" name="loginDDTTest" time="1.655"/>
  <testcase classname="qa.HDFCBank.TestCases.TC_LoginDDT_02" name="loginDDTTest" time="4.095"/>
  <testcase classname="qa.HDFCBank.TestCases.TC_LoginDDT_02" name="loginDDTTest" time="1.207"/>
  <testcase classname="qa.HDFCBank.TestCases.TC_LoginDDT_02" name="loginDDTTest" time="0.984"/>
</testsuite> <!-- HDFCbank  Tests -->
